<?xml version="1.0" encoding="UTF-8"?>
<coverage generated="1763669409357" clover="3.2.0">
  <project timestamp="1763669409357" name="All files">
    <metrics statements="32" coveredstatements="31" conditionals="18" coveredconditionals="15" methods="2" coveredmethods="2" elements="52" coveredelements="48" complexity="0" loc="32" ncloc="32" packages="1" files="1" classes="1"/>
    <file name="index.js" path="F:\Romanos\numeros-romanos-EricDV23\index.js">
      <metrics statements="32" coveredstatements="31" conditionals="18" coveredconditionals="15" methods="2" coveredmethods="2"/>
      <line num="3" count="12" type="cond" truecount="4" falsecount="0"/>
      <line num="4" count="10" type="stmt"/>
      <line num="20" count="10" type="stmt"/>
      <line num="21" count="10" type="stmt"/>
      <line num="22" count="130" type="stmt"/>
      <line num="23" count="25" type="stmt"/>
      <line num="24" count="25" type="stmt"/>
      <line num="27" count="10" type="stmt"/>
      <line num="31" count="11" type="stmt"/>
      <line num="33" count="11" type="stmt"/>
      <line num="44" count="11" type="cond" truecount="2" falsecount="0"/>
      <line num="45" count="1" type="stmt"/>
      <line num="49" count="10" type="cond" truecount="1" falsecount="1"/>
      <line num="50" count="10" type="cond" truecount="1" falsecount="1"/>
      <line num="53" count="10" type="stmt"/>
      <line num="59" count="10" type="stmt"/>
      <line num="60" count="24" type="stmt"/>
      <line num="61" count="24" type="stmt"/>
      <line num="63" count="24" type="stmt"/>
      <line num="64" count="24" type="stmt"/>
      <line num="67" count="24" type="cond" truecount="2" falsecount="0"/>
      <line num="68" count="9" type="cond" truecount="3" falsecount="1"/>
      <line num="69" count="0" type="stmt"/>
      <line num="75" count="10" type="stmt"/>
      <line num="76" count="10" type="stmt"/>
      <line num="78" count="10" type="stmt"/>
      <line num="79" count="34" type="stmt"/>
      <line num="80" count="34" type="cond" truecount="2" falsecount="0"/>
      <line num="81" count="25" type="stmt"/>
      <line num="82" count="34" type="stmt"/>
      <line num="85" count="10" type="stmt"/>
      <line num="90" count="1" type="stmt"/>
    </file>
  </project>
</coverage>
