{"F:\\Romanos\\numeros-romanos-EricDV23\\converter.js": {"path":"F:\\Romanos\\numeros-romanos-EricDV23\\converter.js","statementMap":{"0":{"start":{"line":1,"column":33},"end":{"line":1,"column":77}},"1":{"start":{"line":4,"column":2},"end":{"line":5,"column":60}},"2":{"start":{"line":5,"column":4},"end":{"line":5,"column":60}},"3":{"start":{"line":7,"column":2},"end":{"line":7,"column":30}},"4":{"start":{"line":10,"column":2},"end":{"line":11,"column":59}},"5":{"start":{"line":11,"column":4},"end":{"line":11,"column":59}},"6":{"start":{"line":14,"column":2},"end":{"line":15,"column":59}},"7":{"start":{"line":15,"column":4},"end":{"line":15,"column":59}},"8":{"start":{"line":18,"column":2},"end":{"line":19,"column":59}},"9":{"start":{"line":19,"column":4},"end":{"line":19,"column":59}},"10":{"start":{"line":22,"column":2},"end":{"line":23,"column":59}},"11":{"start":{"line":23,"column":4},"end":{"line":23,"column":59}},"12":{"start":{"line":25,"column":14},"end":{"line":29,"column":3}},"13":{"start":{"line":31,"column":10},"end":{"line":31,"column":11}},"14":{"start":{"line":32,"column":15},"end":{"line":32,"column":16}},"15":{"start":{"line":34,"column":2},"end":{"line":42,"column":3}},"16":{"start":{"line":35,"column":4},"end":{"line":41,"column":5}},"17":{"start":{"line":36,"column":6},"end":{"line":36,"column":47}},"18":{"start":{"line":37,"column":6},"end":{"line":37,"column":13}},"19":{"start":{"line":39,"column":6},"end":{"line":39,"column":30}},"20":{"start":{"line":40,"column":6},"end":{"line":40,"column":10}},"21":{"start":{"line":44,"column":2},"end":{"line":44,"column":16}},"22":{"start":{"line":48,"column":2},"end":{"line":49,"column":59}},"23":{"start":{"line":49,"column":4},"end":{"line":49,"column":59}},"24":{"start":{"line":51,"column":2},"end":{"line":52,"column":67}},"25":{"start":{"line":52,"column":4},"end":{"line":52,"column":67}},"26":{"start":{"line":54,"column":14},"end":{"line":68,"column":3}},"27":{"start":{"line":70,"column":15},"end":{"line":70,"column":17}},"28":{"start":{"line":72,"column":2},"end":{"line":77,"column":3}},"29":{"start":{"line":73,"column":4},"end":{"line":76,"column":5}},"30":{"start":{"line":74,"column":6},"end":{"line":74,"column":29}},"31":{"start":{"line":75,"column":6},"end":{"line":75,"column":27}},"32":{"start":{"line":79,"column":2},"end":{"line":79,"column":16}},"33":{"start":{"line":82,"column":0},"end":{"line":82,"column":50}}},"fnMap":{"0":{"name":"romanToArabic","decl":{"start":{"line":3,"column":9},"end":{"line":3,"column":22}},"loc":{"start":{"line":3,"column":30},"end":{"line":45,"column":1}},"line":3},"1":{"name":"arabicToRoman","decl":{"start":{"line":47,"column":9},"end":{"line":47,"column":22}},"loc":{"start":{"line":47,"column":31},"end":{"line":80,"column":1}},"line":47}},"branchMap":{"0":{"loc":{"start":{"line":4,"column":2},"end":{"line":5,"column":60}},"type":"if","locations":[{"start":{"line":4,"column":2},"end":{"line":5,"column":60}},{"start":{},"end":{}}],"line":4},"1":{"loc":{"start":{"line":4,"column":6},"end":{"line":4,"column":41}},"type":"binary-expr","locations":[{"start":{"line":4,"column":6},"end":{"line":4,"column":12}},{"start":{"line":4,"column":16},"end":{"line":4,"column":41}}],"line":4},"2":{"loc":{"start":{"line":10,"column":2},"end":{"line":11,"column":59}},"type":"if","locations":[{"start":{"line":10,"column":2},"end":{"line":11,"column":59}},{"start":{},"end":{}}],"line":10},"3":{"loc":{"start":{"line":14,"column":2},"end":{"line":15,"column":59}},"type":"if","locations":[{"start":{"line":14,"column":2},"end":{"line":15,"column":59}},{"start":{},"end":{}}],"line":14},"4":{"loc":{"start":{"line":18,"column":2},"end":{"line":19,"column":59}},"type":"if","locations":[{"start":{"line":18,"column":2},"end":{"line":19,"column":59}},{"start":{},"end":{}}],"line":18},"5":{"loc":{"start":{"line":22,"column":2},"end":{"line":23,"column":59}},"type":"if","locations":[{"start":{"line":22,"column":2},"end":{"line":23,"column":59}},{"start":{},"end":{}}],"line":22},"6":{"loc":{"start":{"line":35,"column":4},"end":{"line":41,"column":5}},"type":"if","locations":[{"start":{"line":35,"column":4},"end":{"line":41,"column":5}},{"start":{"line":38,"column":11},"end":{"line":41,"column":5}}],"line":35},"7":{"loc":{"start":{"line":35,"column":8},"end":{"line":35,"column":62}},"type":"binary-expr","locations":[{"start":{"line":35,"column":8},"end":{"line":35,"column":28}},{"start":{"line":35,"column":32},"end":{"line":35,"column":62}}],"line":35},"8":{"loc":{"start":{"line":48,"column":2},"end":{"line":49,"column":59}},"type":"if","locations":[{"start":{"line":48,"column":2},"end":{"line":49,"column":59}},{"start":{},"end":{}}],"line":48},"9":{"loc":{"start":{"line":48,"column":6},"end":{"line":48,"column":49}},"type":"binary-expr","locations":[{"start":{"line":48,"column":6},"end":{"line":48,"column":32}},{"start":{"line":48,"column":36},"end":{"line":48,"column":49}}],"line":48},"10":{"loc":{"start":{"line":51,"column":2},"end":{"line":52,"column":67}},"type":"if","locations":[{"start":{"line":51,"column":2},"end":{"line":52,"column":67}},{"start":{},"end":{}}],"line":51},"11":{"loc":{"start":{"line":51,"column":6},"end":{"line":51,"column":33}},"type":"binary-expr","locations":[{"start":{"line":51,"column":6},"end":{"line":51,"column":16}},{"start":{"line":51,"column":20},"end":{"line":51,"column":33}}],"line":51}},"s":{"0":4,"1":22,"2":3,"3":19,"4":19,"5":3,"6":16,"7":1,"8":15,"9":0,"10":15,"11":4,"12":11,"13":11,"14":11,"15":11,"16":50,"17":17,"18":17,"19":33,"20":33,"21":11,"22":19,"23":3,"24":16,"25":5,"26":11,"27":11,"28":11,"29":143,"30":34,"31":34,"32":11,"33":4},"f":{"0":22,"1":19},"b":{"0":[3,19],"1":[22,19],"2":[3,16],"3":[1,15],"4":[0,15],"5":[4,11],"6":[17,33],"7":[50,44],"8":[3,16],"9":[19,16],"10":[5,11],"11":[16,13]},"_coverageSchema":"1a1c01bbd47fc00a2c39e90264f33305004495a9","hash":"a23fae1dc177d869d2a8da6d10bbbdd8b25f6f08"}
,"F:\\Romanos\\numeros-romanos-EricDV23\\server.js": {"path":"F:\\Romanos\\numeros-romanos-EricDV23\\server.js","statementMap":{"0":{"start":{"line":1,"column":16},"end":{"line":1,"column":34}},"1":{"start":{"line":2,"column":33},"end":{"line":2,"column":77}},"2":{"start":{"line":3,"column":41},"end":{"line":3,"column":63}},"3":{"start":{"line":5,"column":12},"end":{"line":5,"column":21}},"4":{"start":{"line":6,"column":0},"end":{"line":6,"column":24}},"5":{"start":{"line":11,"column":0},"end":{"line":27,"column":3}},"6":{"start":{"line":12,"column":2},"end":{"line":26,"column":3}},"7":{"start":{"line":13,"column":18},"end":{"line":13,"column":33}},"8":{"start":{"line":15,"column":4},"end":{"line":16,"column":76}},"9":{"start":{"line":16,"column":6},"end":{"line":16,"column":76}},"10":{"start":{"line":18,"column":19},"end":{"line":18,"column":39}},"11":{"start":{"line":19,"column":4},"end":{"line":19,"column":40}},"12":{"start":{"line":22,"column":4},"end":{"line":23,"column":58}},"13":{"start":{"line":23,"column":6},"end":{"line":23,"column":58}},"14":{"start":{"line":25,"column":4},"end":{"line":25,"column":60}},"15":{"start":{"line":32,"column":0},"end":{"line":59,"column":3}},"16":{"start":{"line":33,"column":2},"end":{"line":58,"column":3}},"17":{"start":{"line":34,"column":18},"end":{"line":34,"column":33}},"18":{"start":{"line":36,"column":4},"end":{"line":37,"column":76}},"19":{"start":{"line":37,"column":6},"end":{"line":37,"column":76}},"20":{"start":{"line":39,"column":16},"end":{"line":39,"column":29}},"21":{"start":{"line":41,"column":4},"end":{"line":42,"column":68}},"22":{"start":{"line":42,"column":6},"end":{"line":42,"column":68}},"23":{"start":{"line":44,"column":4},"end":{"line":45,"column":77}},"24":{"start":{"line":45,"column":6},"end":{"line":45,"column":77}},"25":{"start":{"line":47,"column":4},"end":{"line":48,"column":73}},"26":{"start":{"line":48,"column":6},"end":{"line":48,"column":73}},"27":{"start":{"line":50,"column":19},"end":{"line":50,"column":37}},"28":{"start":{"line":51,"column":4},"end":{"line":51,"column":39}},"29":{"start":{"line":54,"column":4},"end":{"line":55,"column":58}},"30":{"start":{"line":55,"column":6},"end":{"line":55,"column":58}},"31":{"start":{"line":57,"column":4},"end":{"line":57,"column":60}},"32":{"start":{"line":64,"column":0},"end":{"line":80,"column":3}},"33":{"start":{"line":65,"column":2},"end":{"line":79,"column":3}},"34":{"start":{"line":66,"column":22},"end":{"line":66,"column":30}},"35":{"start":{"line":68,"column":4},"end":{"line":69,"column":74}},"36":{"start":{"line":69,"column":6},"end":{"line":69,"column":74}},"37":{"start":{"line":71,"column":19},"end":{"line":71,"column":39}},"38":{"start":{"line":72,"column":4},"end":{"line":72,"column":40}},"39":{"start":{"line":75,"column":4},"end":{"line":76,"column":58}},"40":{"start":{"line":76,"column":6},"end":{"line":76,"column":58}},"41":{"start":{"line":78,"column":4},"end":{"line":78,"column":60}},"42":{"start":{"line":85,"column":0},"end":{"line":109,"column":3}},"43":{"start":{"line":86,"column":2},"end":{"line":108,"column":3}},"44":{"start":{"line":87,"column":23},"end":{"line":87,"column":31}},"45":{"start":{"line":89,"column":4},"end":{"line":90,"column":75}},"46":{"start":{"line":90,"column":6},"end":{"line":90,"column":75}},"47":{"start":{"line":92,"column":16},"end":{"line":92,"column":30}},"48":{"start":{"line":94,"column":4},"end":{"line":95,"column":68}},"49":{"start":{"line":95,"column":6},"end":{"line":95,"column":68}},"50":{"start":{"line":97,"column":4},"end":{"line":98,"column":77}},"51":{"start":{"line":98,"column":6},"end":{"line":98,"column":77}},"52":{"start":{"line":100,"column":4},"end":{"line":101,"column":73}},"53":{"start":{"line":101,"column":6},"end":{"line":101,"column":73}},"54":{"start":{"line":103,"column":19},"end":{"line":103,"column":37}},"55":{"start":{"line":104,"column":4},"end":{"line":104,"column":39}},"56":{"start":{"line":107,"column":4},"end":{"line":107,"column":60}},"57":{"start":{"line":111,"column":0},"end":{"line":111,"column":21}}},"fnMap":{"0":{"name":"(anonymous_0)","decl":{"start":{"line":11,"column":16},"end":{"line":11,"column":17}},"loc":{"start":{"line":11,"column":30},"end":{"line":27,"column":1}},"line":11},"1":{"name":"(anonymous_1)","decl":{"start":{"line":32,"column":16},"end":{"line":32,"column":17}},"loc":{"start":{"line":32,"column":30},"end":{"line":59,"column":1}},"line":32},"2":{"name":"(anonymous_2)","decl":{"start":{"line":64,"column":31},"end":{"line":64,"column":32}},"loc":{"start":{"line":64,"column":45},"end":{"line":80,"column":1}},"line":64},"3":{"name":"(anonymous_3)","decl":{"start":{"line":85,"column":30},"end":{"line":85,"column":31}},"loc":{"start":{"line":85,"column":44},"end":{"line":109,"column":1}},"line":85}},"branchMap":{"0":{"loc":{"start":{"line":15,"column":4},"end":{"line":16,"column":76}},"type":"if","locations":[{"start":{"line":15,"column":4},"end":{"line":16,"column":76}},{"start":{},"end":{}}],"line":15},"1":{"loc":{"start":{"line":22,"column":4},"end":{"line":23,"column":58}},"type":"if","locations":[{"start":{"line":22,"column":4},"end":{"line":23,"column":58}},{"start":{},"end":{}}],"line":22},"2":{"loc":{"start":{"line":36,"column":4},"end":{"line":37,"column":76}},"type":"if","locations":[{"start":{"line":36,"column":4},"end":{"line":37,"column":76}},{"start":{},"end":{}}],"line":36},"3":{"loc":{"start":{"line":41,"column":4},"end":{"line":42,"column":68}},"type":"if","locations":[{"start":{"line":41,"column":4},"end":{"line":42,"column":68}},{"start":{},"end":{}}],"line":41},"4":{"loc":{"start":{"line":44,"column":4},"end":{"line":45,"column":77}},"type":"if","locations":[{"start":{"line":44,"column":4},"end":{"line":45,"column":77}},{"start":{},"end":{}}],"line":44},"5":{"loc":{"start":{"line":47,"column":4},"end":{"line":48,"column":73}},"type":"if","locations":[{"start":{"line":47,"column":4},"end":{"line":48,"column":73}},{"start":{},"end":{}}],"line":47},"6":{"loc":{"start":{"line":54,"column":4},"end":{"line":55,"column":58}},"type":"if","locations":[{"start":{"line":54,"column":4},"end":{"line":55,"column":58}},{"start":{},"end":{}}],"line":54},"7":{"loc":{"start":{"line":68,"column":4},"end":{"line":69,"column":74}},"type":"if","locations":[{"start":{"line":68,"column":4},"end":{"line":69,"column":74}},{"start":{},"end":{}}],"line":68},"8":{"loc":{"start":{"line":75,"column":4},"end":{"line":76,"column":58}},"type":"if","locations":[{"start":{"line":75,"column":4},"end":{"line":76,"column":58}},{"start":{},"end":{}}],"line":75},"9":{"loc":{"start":{"line":89,"column":4},"end":{"line":90,"column":75}},"type":"if","locations":[{"start":{"line":89,"column":4},"end":{"line":90,"column":75}},{"start":{},"end":{}}],"line":89},"10":{"loc":{"start":{"line":94,"column":4},"end":{"line":95,"column":68}},"type":"if","locations":[{"start":{"line":94,"column":4},"end":{"line":95,"column":68}},{"start":{},"end":{}}],"line":94},"11":{"loc":{"start":{"line":97,"column":4},"end":{"line":98,"column":77}},"type":"if","locations":[{"start":{"line":97,"column":4},"end":{"line":98,"column":77}},{"start":{},"end":{}}],"line":97},"12":{"loc":{"start":{"line":100,"column":4},"end":{"line":101,"column":73}},"type":"if","locations":[{"start":{"line":100,"column":4},"end":{"line":101,"column":73}},{"start":{},"end":{}}],"line":100}},"s":{"0":2,"1":2,"2":2,"3":2,"4":2,"5":2,"6":5,"7":5,"8":5,"9":1,"10":4,"11":1,"12":3,"13":3,"14":0,"15":2,"16":6,"17":6,"18":6,"19":0,"20":6,"21":6,"22":1,"23":5,"24":3,"25":2,"26":1,"27":1,"28":1,"29":0,"30":0,"31":0,"32":2,"33":4,"34":4,"35":4,"36":1,"37":3,"38":2,"39":1,"40":1,"41":0,"42":2,"43":5,"44":5,"45":5,"46":0,"47":5,"48":5,"49":1,"50":4,"51":1,"52":3,"53":1,"54":2,"55":2,"56":0,"57":2},"f":{"0":5,"1":6,"2":4,"3":5},"b":{"0":[1,4],"1":[3,0],"2":[0,6],"3":[1,5],"4":[3,2],"5":[1,1],"6":[0,0],"7":[1,3],"8":[1,0],"9":[0,5],"10":[1,4],"11":[1,3],"12":[1,2]},"_coverageSchema":"1a1c01bbd47fc00a2c39e90264f33305004495a9","hash":"f9c7fb1cae73e3b7d40f10651f3c6ae2a7149c27"}
,"F:\\Romanos\\numeros-romanos-EricDV23\\errors\\InvalidRomanNumeralError.js": {"path":"F:\\Romanos\\numeros-romanos-EricDV23\\errors\\InvalidRomanNumeralError.js","statementMap":{"0":{"start":{"line":3,"column":4},"end":{"line":3,"column":19}},"1":{"start":{"line":4,"column":4},"end":{"line":4,"column":43}},"2":{"start":{"line":5,"column":4},"end":{"line":5,"column":23}},"3":{"start":{"line":9,"column":0},"end":{"line":9,"column":42}}},"fnMap":{"0":{"name":"(anonymous_0)","decl":{"start":{"line":2,"column":2},"end":{"line":2,"column":3}},"loc":{"start":{"line":2,"column":30},"end":{"line":6,"column":3}},"line":2}},"branchMap":{},"s":{"0":19,"1":19,"2":19,"3":4},"f":{"0":19},"b":{},"_coverageSchema":"1a1c01bbd47fc00a2c39e90264f33305004495a9","hash":"66dc8b3dae6109ce764e4e622e462fe79653265c"}
}
