{"F:\\Romanos\\numeros-romanos-EricDV23\\converter.js": {"path":"F:\\Romanos\\numeros-romanos-EricDV23\\converter.js","statementMap":{"0":{"start":{"line":1,"column":33},"end":{"line":1,"column":77}},"1":{"start":{"line":3,"column":12},"end":{"line":3,"column":58}},"2":{"start":{"line":4,"column":24},"end":{"line":9,"column":1}},"3":{"start":{"line":12,"column":2},"end":{"line":14,"column":3}},"4":{"start":{"line":13,"column":4},"end":{"line":13,"column":73}},"5":{"start":{"line":16,"column":2},"end":{"line":16,"column":30}},"6":{"start":{"line":18,"column":2},"end":{"line":20,"column":3}},"7":{"start":{"line":19,"column":4},"end":{"line":19,"column":72}},"8":{"start":{"line":22,"column":2},"end":{"line":26,"column":3}},"9":{"start":{"line":23,"column":4},"end":{"line":25,"column":5}},"10":{"start":{"line":24,"column":6},"end":{"line":24,"column":74}},"11":{"start":{"line":28,"column":14},"end":{"line":28,"column":15}},"12":{"start":{"line":28,"column":24},"end":{"line":28,"column":25}},"13":{"start":{"line":29,"column":2},"end":{"line":34,"column":3}},"14":{"start":{"line":29,"column":15},"end":{"line":29,"column":31}},"15":{"start":{"line":30,"column":17},"end":{"line":30,"column":30}},"16":{"start":{"line":31,"column":4},"end":{"line":32,"column":23}},"17":{"start":{"line":31,"column":21},"end":{"line":31,"column":35}},"18":{"start":{"line":32,"column":9},"end":{"line":32,"column":23}},"19":{"start":{"line":33,"column":4},"end":{"line":33,"column":16}},"20":{"start":{"line":36,"column":2},"end":{"line":38,"column":3}},"21":{"start":{"line":37,"column":4},"end":{"line":37,"column":71}},"22":{"start":{"line":41,"column":17},"end":{"line":41,"column":37}},"23":{"start":{"line":42,"column":2},"end":{"line":44,"column":3}},"24":{"start":{"line":43,"column":4},"end":{"line":43,"column":72}},"25":{"start":{"line":46,"column":2},"end":{"line":46,"column":15}},"26":{"start":{"line":50,"column":2},"end":{"line":50,"column":67}},"27":{"start":{"line":50,"column":28},"end":{"line":50,"column":67}},"28":{"start":{"line":51,"column":2},"end":{"line":51,"column":66}},"29":{"start":{"line":51,"column":25},"end":{"line":51,"column":66}},"30":{"start":{"line":53,"column":16},"end":{"line":57,"column":3}},"31":{"start":{"line":59,"column":15},"end":{"line":59,"column":17}},"32":{"start":{"line":60,"column":2},"end":{"line":65,"column":3}},"33":{"start":{"line":61,"column":4},"end":{"line":64,"column":5}},"34":{"start":{"line":62,"column":6},"end":{"line":62,"column":20}},"35":{"start":{"line":63,"column":6},"end":{"line":63,"column":15}},"36":{"start":{"line":66,"column":2},"end":{"line":66,"column":16}},"37":{"start":{"line":69,"column":0},"end":{"line":69,"column":50}}},"fnMap":{"0":{"name":"romanToArabic","decl":{"start":{"line":11,"column":9},"end":{"line":11,"column":22}},"loc":{"start":{"line":11,"column":30},"end":{"line":47,"column":1}},"line":11},"1":{"name":"arabicToRoman","decl":{"start":{"line":49,"column":9},"end":{"line":49,"column":22}},"loc":{"start":{"line":49,"column":26},"end":{"line":67,"column":1}},"line":49}},"branchMap":{"0":{"loc":{"start":{"line":12,"column":2},"end":{"line":14,"column":3}},"type":"if","locations":[{"start":{"line":12,"column":2},"end":{"line":14,"column":3}},{"start":{},"end":{}}],"line":12},"1":{"loc":{"start":{"line":12,"column":6},"end":{"line":12,"column":64}},"type":"binary-expr","locations":[{"start":{"line":12,"column":6},"end":{"line":12,"column":12}},{"start":{"line":12,"column":16},"end":{"line":12,"column":41}},{"start":{"line":12,"column":45},"end":{"line":12,"column":64}}],"line":12},"2":{"loc":{"start":{"line":18,"column":2},"end":{"line":20,"column":3}},"type":"if","locations":[{"start":{"line":18,"column":2},"end":{"line":20,"column":3}},{"start":{},"end":{}}],"line":18},"3":{"loc":{"start":{"line":23,"column":4},"end":{"line":25,"column":5}},"type":"if","locations":[{"start":{"line":23,"column":4},"end":{"line":25,"column":5}},{"start":{},"end":{}}],"line":23},"4":{"loc":{"start":{"line":31,"column":4},"end":{"line":32,"column":23}},"type":"if","locations":[{"start":{"line":31,"column":4},"end":{"line":32,"column":23}},{"start":{"line":32,"column":9},"end":{"line":32,"column":23}}],"line":31},"5":{"loc":{"start":{"line":36,"column":2},"end":{"line":38,"column":3}},"type":"if","locations":[{"start":{"line":36,"column":2},"end":{"line":38,"column":3}},{"start":{},"end":{}}],"line":36},"6":{"loc":{"start":{"line":36,"column":6},"end":{"line":36,"column":31}},"type":"binary-expr","locations":[{"start":{"line":36,"column":6},"end":{"line":36,"column":15}},{"start":{"line":36,"column":19},"end":{"line":36,"column":31}}],"line":36},"7":{"loc":{"start":{"line":42,"column":2},"end":{"line":44,"column":3}},"type":"if","locations":[{"start":{"line":42,"column":2},"end":{"line":44,"column":3}},{"start":{},"end":{}}],"line":42},"8":{"loc":{"start":{"line":50,"column":2},"end":{"line":50,"column":67}},"type":"if","locations":[{"start":{"line":50,"column":2},"end":{"line":50,"column":67}},{"start":{},"end":{}}],"line":50},"9":{"loc":{"start":{"line":51,"column":2},"end":{"line":51,"column":66}},"type":"if","locations":[{"start":{"line":51,"column":2},"end":{"line":51,"column":66}},{"start":{},"end":{}}],"line":51},"10":{"loc":{"start":{"line":51,"column":6},"end":{"line":51,"column":23}},"type":"binary-expr","locations":[{"start":{"line":51,"column":6},"end":{"line":51,"column":11}},{"start":{"line":51,"column":15},"end":{"line":51,"column":23}}],"line":51}},"s":{"0":1,"1":1,"2":1,"3":5,"4":1,"5":4,"6":4,"7":1,"8":3,"9":39,"10":0,"11":3,"12":3,"13":3,"14":3,"15":23,"16":23,"17":6,"18":17,"19":23,"20":3,"21":0,"22":3,"23":3,"24":0,"25":3,"26":7,"27":1,"28":6,"29":1,"30":5,"31":5,"32":5,"33":65,"34":23,"35":23,"36":5,"37":1},"f":{"0":5,"1":7},"b":{"0":[1,4],"1":[5,4,4],"2":[1,3],"3":[0,39],"4":[6,17],"5":[0,3],"6":[3,3],"7":[0,3],"8":[1,6],"9":[1,5],"10":[6,6]},"_coverageSchema":"1a1c01bbd47fc00a2c39e90264f33305004495a9","hash":"cf1e2650883e7b8ed9efb15a451c7b61fc1d12ea"}
,"F:\\Romanos\\numeros-romanos-EricDV23\\server.js": {"path":"F:\\Romanos\\numeros-romanos-EricDV23\\server.js","statementMap":{"0":{"start":{"line":1,"column":16},"end":{"line":1,"column":34}},"1":{"start":{"line":2,"column":33},"end":{"line":2,"column":77}},"2":{"start":{"line":3,"column":41},"end":{"line":3,"column":63}},"3":{"start":{"line":5,"column":12},"end":{"line":5,"column":21}},"4":{"start":{"line":6,"column":0},"end":{"line":6,"column":24}},"5":{"start":{"line":9,"column":0},"end":{"line":20,"column":3}},"6":{"start":{"line":10,"column":2},"end":{"line":19,"column":3}},"7":{"start":{"line":11,"column":22},"end":{"line":11,"column":30}},"8":{"start":{"line":12,"column":19},"end":{"line":12,"column":39}},"9":{"start":{"line":13,"column":4},"end":{"line":13,"column":44}},"10":{"start":{"line":15,"column":4},"end":{"line":17,"column":5}},"11":{"start":{"line":16,"column":6},"end":{"line":16,"column":58}},"12":{"start":{"line":18,"column":4},"end":{"line":18,"column":80}},"13":{"start":{"line":23,"column":0},"end":{"line":34,"column":3}},"14":{"start":{"line":24,"column":2},"end":{"line":33,"column":3}},"15":{"start":{"line":25,"column":23},"end":{"line":25,"column":31}},"16":{"start":{"line":26,"column":18},"end":{"line":26,"column":39}},"17":{"start":{"line":27,"column":4},"end":{"line":27,"column":43}},"18":{"start":{"line":29,"column":4},"end":{"line":31,"column":5}},"19":{"start":{"line":30,"column":6},"end":{"line":30,"column":58}},"20":{"start":{"line":32,"column":4},"end":{"line":32,"column":80}},"21":{"start":{"line":36,"column":0},"end":{"line":36,"column":21}}},"fnMap":{"0":{"name":"(anonymous_0)","decl":{"start":{"line":9,"column":31},"end":{"line":9,"column":32}},"loc":{"start":{"line":9,"column":45},"end":{"line":20,"column":1}},"line":9},"1":{"name":"(anonymous_1)","decl":{"start":{"line":23,"column":30},"end":{"line":23,"column":31}},"loc":{"start":{"line":23,"column":44},"end":{"line":34,"column":1}},"line":23}},"branchMap":{"0":{"loc":{"start":{"line":15,"column":4},"end":{"line":17,"column":5}},"type":"if","locations":[{"start":{"line":15,"column":4},"end":{"line":17,"column":5}},{"start":{},"end":{}}],"line":15},"1":{"loc":{"start":{"line":18,"column":41},"end":{"line":18,"column":76}},"type":"binary-expr","locations":[{"start":{"line":18,"column":41},"end":{"line":18,"column":52}},{"start":{"line":18,"column":56},"end":{"line":18,"column":76}}],"line":18},"2":{"loc":{"start":{"line":29,"column":4},"end":{"line":31,"column":5}},"type":"if","locations":[{"start":{"line":29,"column":4},"end":{"line":31,"column":5}},{"start":{},"end":{}}],"line":29},"3":{"loc":{"start":{"line":32,"column":41},"end":{"line":32,"column":76}},"type":"binary-expr","locations":[{"start":{"line":32,"column":41},"end":{"line":32,"column":52}},{"start":{"line":32,"column":56},"end":{"line":32,"column":76}}],"line":32}},"s":{"0":1,"1":1,"2":1,"3":1,"4":1,"5":1,"6":5,"7":5,"8":5,"9":3,"10":2,"11":2,"12":0,"13":1,"14":4,"15":4,"16":4,"17":2,"18":2,"19":1,"20":1,"21":1},"f":{"0":5,"1":4},"b":{"0":[2,0],"1":[0,0],"2":[1,1],"3":[1,0]},"_coverageSchema":"1a1c01bbd47fc00a2c39e90264f33305004495a9","hash":"109b8afe63795152a8e5a82349fb736ac74e2a3b"}
,"F:\\Romanos\\numeros-romanos-EricDV23\\errors\\InvalidRomanNumeralError.js": {"path":"F:\\Romanos\\numeros-romanos-EricDV23\\errors\\InvalidRomanNumeralError.js","statementMap":{"0":{"start":{"line":3,"column":4},"end":{"line":3,"column":19}},"1":{"start":{"line":4,"column":4},"end":{"line":4,"column":43}},"2":{"start":{"line":5,"column":4},"end":{"line":5,"column":23}},"3":{"start":{"line":9,"column":0},"end":{"line":9,"column":42}}},"fnMap":{"0":{"name":"(anonymous_0)","decl":{"start":{"line":2,"column":2},"end":{"line":2,"column":3}},"loc":{"start":{"line":2,"column":30},"end":{"line":6,"column":3}},"line":2}},"branchMap":{},"s":{"0":2,"1":2,"2":2,"3":1},"f":{"0":2},"b":{},"_coverageSchema":"1a1c01bbd47fc00a2c39e90264f33305004495a9","hash":"66dc8b3dae6109ce764e4e622e462fe79653265c"}
}
