TN:
SF:converter.js
FN:11,romanToArabic
FN:49,arabicToRoman
FNF:2
FNH:2
FNDA:5,romanToArabic
FNDA:7,arabicToRoman
DA:1,1
DA:3,1
DA:4,1
DA:12,5
DA:13,1
DA:16,4
DA:18,4
DA:19,1
DA:22,3
DA:23,39
DA:24,0
DA:28,3
DA:29,3
DA:30,23
DA:31,23
DA:32,17
DA:33,23
DA:36,3
DA:37,0
DA:41,3
DA:42,3
DA:43,0
DA:46,3
DA:50,7
DA:51,6
DA:53,5
DA:59,5
DA:60,5
DA:61,65
DA:62,23
DA:63,23
DA:66,5
DA:69,1
LF:33
LH:30
BRDA:12,0,0,1
BRDA:12,0,1,4
BRDA:12,1,0,5
BRDA:12,1,1,4
BRDA:12,1,2,4
BRDA:18,2,0,1
BRDA:18,2,1,3
BRDA:23,3,0,0
BRDA:23,3,1,39
BRDA:31,4,0,6
BRDA:31,4,1,17
BRDA:36,5,0,0
BRDA:36,5,1,3
BRDA:36,6,0,3
BRDA:36,6,1,3
BRDA:42,7,0,0
BRDA:42,7,1,3
BRDA:50,8,0,1
BRDA:50,8,1,6
BRDA:51,9,0,1
BRDA:51,9,1,5
BRDA:51,10,0,6
BRDA:51,10,1,6
BRF:23
BRH:20
end_of_record
TN:
SF:server.js
FN:9,(anonymous_0)
FN:23,(anonymous_1)
FNF:2
FNH:2
FNDA:5,(anonymous_0)
FNDA:4,(anonymous_1)
DA:1,1
DA:2,1
DA:3,1
DA:5,1
DA:6,1
DA:9,1
DA:10,5
DA:11,5
DA:12,5
DA:13,3
DA:15,2
DA:16,2
DA:18,0
DA:23,1
DA:24,4
DA:25,4
DA:26,4
DA:27,2
DA:29,2
DA:30,1
DA:32,1
DA:36,1
LF:22
LH:21
BRDA:15,0,0,2
BRDA:15,0,1,0
BRDA:18,1,0,0
BRDA:18,1,1,0
BRDA:29,2,0,1
BRDA:29,2,1,1
BRDA:32,3,0,1
BRDA:32,3,1,0
BRF:8
BRH:4
end_of_record
TN:
SF:errors\InvalidRomanNumeralError.js
FN:2,(anonymous_0)
FNF:1
FNH:1
FNDA:2,(anonymous_0)
DA:3,2
DA:4,2
DA:5,2
DA:9,1
LF:4
LH:4
BRF:0
BRH:0
end_of_record
