TN:
SF:converter.js
FN:9,romanToArabic
FN:33,arabicToRoman
FNF:2
FNH:2
FNDA:11,romanToArabic
FNDA:15,arabicToRoman
DA:5,4
DA:10,11
DA:11,3
DA:14,8
DA:15,8
DA:17,8
DA:18,30
DA:19,30
DA:20,30
DA:21,22
DA:22,30
DA:26,8
DA:27,3
DA:30,5
DA:34,15
DA:35,2
DA:38,13
DA:42,13
DA:47,13
DA:48,13
DA:49,169
DA:50,29
DA:51,29
DA:54,13
LF:24
LH:24
BRDA:10,0,0,3
BRDA:10,0,1,8
BRDA:19,1,0,0
BRDA:19,1,1,30
BRDA:20,2,0,8
BRDA:20,2,1,22
BRDA:26,3,0,3
BRDA:26,3,1,5
BRDA:34,4,0,2
BRDA:34,4,1,13
BRDA:34,5,0,15
BRDA:34,5,1,15
BRDA:34,5,2,14
BRF:13
BRH:12
end_of_record
TN:
SF:server.js
FN:10,(anonymous_0)
FN:22,(anonymous_1)
FN:34,(anonymous_2)
FN:46,(anonymous_3)
FNF:4
FNH:4
FNDA:1,(anonymous_0)
FNDA:1,(anonymous_1)
FNDA:3,(anonymous_2)
FNDA:3,(anonymous_3)
DA:6,2
DA:7,2
DA:10,2
DA:11,1
DA:12,1
DA:13,1
DA:14,1
DA:15,0
DA:17,1
DA:22,2
DA:23,1
DA:24,1
DA:25,1
DA:26,0
DA:27,0
DA:29,1
DA:34,2
DA:35,3
DA:36,3
DA:37,3
DA:38,3
DA:39,0
DA:41,3
DA:46,2
DA:47,3
DA:48,3
DA:49,3
DA:50,3
DA:52,0
DA:53,0
DA:55,3
LF:31
LH:25
BRDA:13,0,0,0
BRDA:13,0,1,1
BRDA:25,1,0,1
BRDA:25,1,1,0
BRDA:37,2,0,0
BRDA:37,2,1,3
BRDA:49,3,0,3
BRDA:49,3,1,0
BRDA:49,4,0,3
BRDA:49,4,1,3
BRDA:49,4,2,1
BRF:11
BRH:7
end_of_record
TN:
SF:errors\InvalidRomanNumeralError.js
FN:3,(anonymous_0)
FNF:1
FNH:1
FNDA:6,(anonymous_0)
DA:4,6
DA:5,6
LF:2
LH:2
BRF:0
BRH:0
end_of_record
